E:\SABRE\SABRECG2_MULTIPARA\SABRECG\X64\RELEASE\UTIL.OBJ
E:\SABRE\SABRECG2_MULTIPARA\SABRECG\X64\RELEASE\TINYXML2.OBJ
E:\SABRE\SABRECG2_MULTIPARA\SABRECG\X64\RELEASE\SUBNODE.OBJ
E:\SABRE\SABRECG2_MULTIPARA\SABRECG\X64\RELEASE\STATION.OBJ
E:\SABRE\SABRECG2_MULTIPARA\SABRECG\X64\RELEASE\SCHEDULE.OBJ
E:\SABRE\SABRECG2_MULTIPARA\SABRECG\X64\RELEASE\OPERLEG.OBJ
E:\SABRE\SABRECG2_MULTIPARA\SABRECG\X64\RELEASE\MODEL.OBJ
E:\SABRE\SABRECG2_MULTIPARA\SABRECG\X64\RELEASE\MAIN2.OBJ
E:\SABRE\SABRECG2_MULTIPARA\SABRECG\X64\RELEASE\LOF.OBJ
E:\SABRE\SABRECG2_MULTIPARA\SABRECG\X64\RELEASE\LEG.OBJ
E:\SABRE\SABRECG2_MULTIPARA\SABRECG\X64\RELEASE\AIRCRAFT.OBJ
E:\SABRE\SABRECG2_MULTIPARA\SABRECG\X64\RELEASE\VC110.PDB
C:\USERS\XQIAN\DESKTOP\SABRECG4_MULTIPARA\SABRECG\X64\RELEASE\UTIL.OBJ
C:\USERS\XQIAN\DESKTOP\SABRECG4_MULTIPARA\SABRECG\X64\RELEASE\TINYXML2.OBJ
C:\USERS\XQIAN\DESKTOP\SABRECG4_MULTIPARA\SABRECG\X64\RELEASE\SUBNODE.OBJ
C:\USERS\XQIAN\DESKTOP\SABRECG4_MULTIPARA\SABRECG\X64\RELEASE\STATION.OBJ
C:\USERS\XQIAN\DESKTOP\SABRECG4_MULTIPARA\SABRECG\X64\RELEASE\SCHEDULE.OBJ
C:\USERS\XQIAN\DESKTOP\SABRECG4_MULTIPARA\SABRECG\X64\RELEASE\OPERLEG.OBJ
C:\USERS\XQIAN\DESKTOP\SABRECG4_MULTIPARA\SABRECG\X64\RELEASE\MODEL.OBJ
C:\USERS\XQIAN\DESKTOP\SABRECG4_MULTIPARA\SABRECG\X64\RELEASE\LOF.OBJ
C:\USERS\XQIAN\DESKTOP\SABRECG4_MULTIPARA\SABRECG\X64\RELEASE\LEG.OBJ
C:\USERS\XQIAN\DESKTOP\SABRECG4_MULTIPARA\SABRECG\X64\RELEASE\AIRCRAFT.OBJ
C:\USERS\XQIAN\DESKTOP\SABRECG4_MULTIPARA\SABRECG\X64\RELEASE\MAIN2.OBJ
C:\USERS\XQIAN\DESKTOP\SABRECG4_MULTIPARA\SABRECG\X64\RELEASE\VC110.PDB
E:\SABRE\SABRECG2_MULTIPARA\X64\RELEASE\SABRECG.EXE
E:\SABRE\SABRECG2_MULTIPARA\X64\RELEASE\SABRECG.PDB
C:\USERS\XQIAN\DESKTOP\SABRECG4_MULTIPARA\X64\RELEASE\SABRECG.EXE
C:\USERS\XQIAN\DESKTOP\SABRECG4_MULTIPARA\X64\RELEASE\SABRECG.PDB
E:\Sabre\SabreCG4_multipara\SabreCG\x64\Release\Aircraft.obj
E:\Sabre\SabreCG4_multipara\SabreCG\x64\Release\Leg.obj
E:\Sabre\SabreCG4_multipara\SabreCG\x64\Release\Lof.obj
E:\Sabre\SabreCG4_multipara\SabreCG\x64\Release\main2.obj
E:\Sabre\SabreCG4_multipara\SabreCG\x64\Release\Model.obj
E:\Sabre\SabreCG4_multipara\SabreCG\x64\Release\OperLeg.obj
E:\Sabre\SabreCG4_multipara\SabreCG\x64\Release\Schedule.obj
E:\Sabre\SabreCG4_multipara\SabreCG\x64\Release\Station.obj
E:\Sabre\SabreCG4_multipara\SabreCG\x64\Release\SubNode.obj
E:\Sabre\SabreCG4_multipara\SabreCG\x64\Release\tinyxml2.obj
E:\Sabre\SabreCG4_multipara\SabreCG\x64\Release\Util.obj
E:\Sabre\SabreCG4_multipara\SabreCG\x64\Release\cl.command.1.tlog
E:\Sabre\SabreCG4_multipara\SabreCG\x64\Release\CL.read.1.tlog
E:\Sabre\SabreCG4_multipara\SabreCG\x64\Release\CL.write.1.tlog
E:\Sabre\SabreCG4_multipara\SabreCG\x64\Release\link-cvtres.read.1.tlog
E:\Sabre\SabreCG4_multipara\SabreCG\x64\Release\link-cvtres.write.1.tlog
E:\Sabre\SabreCG4_multipara\SabreCG\x64\Release\link-rc.read.1.tlog
E:\Sabre\SabreCG4_multipara\SabreCG\x64\Release\link-rc.write.1.tlog
E:\Sabre\SabreCG4_multipara\SabreCG\x64\Release\link.command.1.tlog
E:\Sabre\SabreCG4_multipara\SabreCG\x64\Release\link.read.1.tlog
E:\Sabre\SabreCG4_multipara\SabreCG\x64\Release\link.write.1.tlog
E:\Sabre\SabreCG4_multipara\SabreCG\x64\Release\vc110.pdb
E:\Sabre\SabreCG4_multipara\x64\Release\SabreCG.pdb
E:\Sabre\SabreCG4_multipara\x64\Release\SabreCG.exe
