e:\sabre\sabrecg3_1\sabrecg\x64\release\vc140.pdb
e:\sabre\sabrecg3_1\sabrecg\x64\release\util.obj
e:\sabre\sabrecg3_1\sabrecg\x64\release\tinyxml2.obj
e:\sabre\sabrecg3_1\sabrecg\x64\release\subnode.obj
e:\sabre\sabrecg3_1\sabrecg\x64\release\station.obj
e:\sabre\sabrecg3_1\sabrecg\x64\release\schedule.obj
e:\sabre\sabrecg3_1\sabrecg\x64\release\operleg.obj
e:\sabre\sabrecg3_1\sabrecg\x64\release\model.obj
e:\sabre\sabrecg3_1\sabrecg\x64\release\main2.obj
e:\sabre\sabrecg3_1\sabrecg\x64\release\lof.obj
e:\sabre\sabrecg3_1\sabrecg\x64\release\leg.obj
e:\sabre\sabrecg3_1\sabrecg\x64\release\aircraft.obj
e:\sabre\sabrecg3_1\x64\release\sabrecg.exe
e:\sabre\sabrecg3_1\x64\release\sabrecg.ipdb
e:\sabre\sabrecg3_1\x64\release\sabrecg.iobj
e:\sabre\sabrecg3_1\x64\release\sabrecg.pdb
e:\sabre\sabrecg3_1\sabrecg\x64\release\sabrecg.tlog\cl.command.1.tlog
e:\sabre\sabrecg3_1\sabrecg\x64\release\sabrecg.tlog\cl.read.1.tlog
e:\sabre\sabrecg3_1\sabrecg\x64\release\sabrecg.tlog\cl.write.1.tlog
e:\sabre\sabrecg3_1\sabrecg\x64\release\sabrecg.tlog\link.command.1.tlog
e:\sabre\sabrecg3_1\sabrecg\x64\release\sabrecg.tlog\link.read.1.tlog
e:\sabre\sabrecg3_1\sabrecg\x64\release\sabrecg.tlog\link.write.1.tlog
